<?xml version="1.0" encoding="UTF-8"?>
<!-- Generated by org.testng.reporters.JUnitXMLReporter -->
<testsuite ignored="7" hostname="DESKTOP-F7T99EU" failures="0" tests="2" name="Test" time="29.173" errors="0" timestamp="2024-01-18T19:53:39 EET">
  <testcase classname="loginTestCases" name="loginTestHappy" time="29.139"/>
  <testcase classname="ProductsTestCases" name="CheckButtonsNotClicked" time="0.017"/>
  <testcase classname="ProductsTestCases" name="CheckdescriptionOfProduct" time="0.0">
    <ignored/>
  </testcase> <!-- CheckdescriptionOfProduct -->
  <testcase classname="BaseTests" name="@BeforeSuite setUp" time="0.0">
    <ignored/>
  </testcase> <!-- @BeforeSuite setUp -->
  <testcase classname="BaseTests" name="@AfterSuite tearDown" time="0.0">
    <ignored/>
  </testcase> <!-- @AfterSuite tearDown -->
  <testcase classname="loginTestCases" name="loginTestSad" time="0.0">
    <ignored/>
  </testcase> <!-- loginTestSad -->
  <testcase classname="ProductsTestCases" name="checkPricesOfproducts" time="0.0">
    <ignored/>
  </testcase> <!-- checkPricesOfproducts -->
  <testcase classname="ProductsTestCases" name="AddALLItems" time="0.0">
    <ignored/>
  </testcase> <!-- AddALLItems -->
  <testcase classname="ProductsTestCases" name="CheckImageVisiblty" time="0.0">
    <ignored/>
  </testcase> <!-- CheckImageVisiblty -->
</testsuite> <!-- Test -->
